--- Startup times for process: Primary (or UI client) ---

times in msec
 clock   self+sourced   self:  sourced script
 clock   elapsed:              other lines

000.000  000.000: --- NVIM STARTING ---
000.158  000.157: event init
000.303  000.145: early init
000.390  000.087: locale set
000.454  000.064: init first window
000.797  000.343: inits 1
000.802  000.005: window checked
000.805  000.002: parsing arguments
001.239  000.036  000.036: require('vim.shared')
001.326  000.030  000.030: require('vim.inspect')
001.364  000.031  000.031: require('vim._options')
001.365  000.123  000.063: require('vim._editor')
001.366  000.186  000.027: require('vim._init_packages')
001.367  000.376: init lua interpreter
002.431  001.064: nvim_ui_attach
002.710  000.279: nvim_set_client_info
002.711  000.001: --- NVIM STARTED ---

--- Startup times for process: Embedded ---

times in msec
 clock   self+sourced   self:  sourced script
 clock   elapsed:              other lines

000.000  000.000: --- NVIM STARTING ---
000.106  000.106: event init
000.184  000.078: early init
000.234  000.050: locale set
000.268  000.034: init first window
000.547  000.279: inits 1
000.555  000.008: window checked
000.557  000.001: parsing arguments
000.901  000.031  000.031: require('vim.shared')
000.973  000.030  000.030: require('vim.inspect')
001.007  000.028  000.028: require('vim._options')
001.009  000.106  000.047: require('vim._editor')
001.010  000.155  000.018: require('vim._init_packages')
001.011  000.299: init lua interpreter
001.059  000.048: expanding arguments
001.073  000.014: inits 2
001.299  000.226: init highlight
001.300  000.001: waiting for UI
001.388  000.088: done waiting for UI
001.393  000.005: clear screen
001.468  000.004  000.004: require('vim.keymap')
002.053  000.659  000.654: require('vim._defaults')
002.056  000.004: init default mappings & autocommands
002.500  000.040  000.040: sourcing /usr/local/share/nvim/runtime/ftplugin.vim
002.551  000.023  000.023: sourcing /usr/local/share/nvim/runtime/indent.vim
003.548  000.004  000.004: require('vim.F')
003.570  000.833  000.829: require('vim.diagnostic')
003.616  000.999  000.167: require('configs.remap')
004.225  000.483  000.483: require('lazy')
004.247  000.012  000.012: require('ffi')
004.281  000.018  000.018: require('vim.fs')
004.369  000.076  000.076: require('vim.uri')
004.380  000.131  000.037: require('vim.loader')
004.466  000.074  000.074: require('lazy.stats')
004.559  000.077  000.077: require('lazy.core.util')
004.657  000.096  000.096: require('lazy.core.config')
004.832  000.076  000.076: require('lazy.core.handler')
005.191  000.158  000.158: require('lazy.pkg')
005.196  000.295  000.136: require('lazy.core.meta')
005.200  000.367  000.072: require('lazy.core.plugin')
005.208  000.550  000.107: require('lazy.core.loader')
005.365  000.041  000.041: require('lazy.core.fragments')
006.646  000.034  000.034: require('lazy.core.handler.cmd')
006.690  000.041  000.041: require('lazy.core.handler.event')
006.743  000.051  000.051: require('lazy.core.handler.keys')
006.785  000.040  000.040: require('lazy.core.handler.ft')
007.126  000.182  000.182: sourcing /usr/local/share/nvim/runtime/filetype.lua
007.371  000.070  000.070: sourcing /home/botbien/.local/share/nvim/lazy/nvim-dap/plugin/dap.lua
007.863  000.097  000.097: require('dap.utils')
007.914  000.509  000.412: require('dap')
008.452  000.155  000.155: require('nio.tasks')
008.527  000.072  000.072: require('nio.control')
008.759  000.119  000.119: require('vim.health')
008.762  000.178  000.059: require('vim.deprecated.health')
009.012  000.073  000.073: require('vim.iter')
010.043  001.515  001.264: require('nio.uv')
010.089  000.044  000.044: require('nio.tests')
010.193  000.040  000.040: require('vim.ui')
010.253  000.162  000.122: require('nio.ui')
010.348  000.035  000.035: require('nio.streams')
010.350  000.095  000.060: require('nio.file')
010.482  000.029  000.029: require('nio.util')
010.512  000.102  000.073: require('nio.logger')
010.541  000.190  000.088: require('nio.lsp')
010.586  000.044  000.044: require('nio.process')
010.633  002.637  000.360: require('nio')
011.041  000.099  000.099: require('dapui.config.highlights')
011.141  000.378  000.279: require('dapui.config')
011.146  000.450  000.072: require('dapui.util')
011.228  000.081  000.081: require('dapui.windows.layout')
011.232  000.598  000.066: require('dapui.windows')
011.306  000.073  000.073: require('dapui.controls')
011.313  003.398  000.090: require('dapui')
011.743  000.210  000.210: require('dapui.client.types')
011.750  000.291  000.081: require('dapui.client')
011.801  000.049  000.049: require('dap.breakpoints')
011.907  000.064  000.064: require('dapui.client.lib')
012.154  000.170  000.170: require('dapui.render.canvas')
012.155  000.227  000.057: require('dapui.elements.breakpoints')
012.317  000.044  000.044: require('dapui.components.breakpoints')
012.407  000.062  000.062: require('dapui.elements.repl')
012.440  000.030  000.030: require('dapui.elements.scopes')
012.527  000.031  000.031: require('dapui.components.scopes')
012.568  000.039  000.039: require('dapui.components.variables')
012.599  000.024  000.024: require('dapui.elements.stacks')
012.699  000.026  000.026: require('dapui.components.frames')
012.700  000.062  000.037: require('dapui.components.threads')
012.734  000.025  000.025: require('dapui.elements.watches')
012.807  000.037  000.037: require('dapui.components.watches')
012.840  000.025  000.025: require('dapui.elements.hover')
012.900  000.026  000.026: require('dapui.components.hover')
012.928  000.025  000.025: require('dapui.elements.console')
013.358  000.022  000.022: sourcing /home/botbien/.local/share/nvim/lazy/plenary.nvim/plugin/plenary.vim
013.568  000.143  000.143: sourcing /home/botbien/.local/share/nvim/lazy/telescope.nvim/plugin/telescope.lua
014.157  000.022  000.022: require('telescope.state')
014.355  000.041  000.041: require('plenary.bit')
014.386  000.029  000.029: require('plenary.functional')
014.401  000.157  000.087: require('plenary.path')
014.409  000.191  000.034: require('plenary.strings')
014.434  000.024  000.024: require('telescope.deprecated')
014.562  000.074  000.074: require('plenary.log')
014.624  000.156  000.082: require('telescope.log')
014.742  000.034  000.034: require('plenary.compat')
014.750  000.081  000.047: require('plenary.job')
014.757  000.132  000.051: require('telescope.utils')
014.762  000.327  000.039: require('telescope.sorters')
015.874  001.715  001.173: require('telescope.config')
015.879  001.768  000.032: require('telescope.actions.state')
015.887  001.819  000.051: require('telescope._extensions.file_browser.utils')
016.236  000.134  000.134: require('vim.lsp.log')
016.666  000.427  000.427: require('vim.lsp.protocol')
017.350  000.680  000.680: require('vim.lsp.util')
017.480  000.034  000.034: require('vim.lsp.sync')
017.484  000.128  000.094: require('vim.lsp._changetracking')
017.573  000.087  000.087: require('vim.lsp.rpc')
017.633  001.665  000.208: require('vim.lsp')
017.641  001.753  000.088: require('telescope._extensions.file_browser.lsp')
017.803  000.032  000.032: require('plenary.window.border')
017.832  000.027  000.027: require('plenary.window')
017.867  000.033  000.033: require('plenary.popup.utils')
017.871  000.140  000.047: require('plenary.popup')
017.906  000.034  000.034: require('telescope.pickers.scroller')
017.935  000.027  000.027: require('telescope.actions.utils')
017.994  000.029  000.029: require('telescope.actions.mt')
018.002  000.066  000.037: require('telescope.actions.set')
018.057  000.028  000.028: require('telescope.config.resolve')
018.059  000.056  000.028: require('telescope.pickers.entry_display')
018.082  000.023  000.023: require('telescope.from_entry')
018.149  000.507  000.162: require('telescope.actions')
018.340  000.189  000.189: require('plenary.scandir')
018.555  000.044  000.044: require('plenary.tbl')
018.558  000.091  000.047: require('plenary.vararg.rotate')
018.559  000.137  000.045: require('plenary.vararg')
018.583  000.023  000.023: require('plenary.errors')
018.585  000.190  000.030: require('plenary.async.async')
018.679  000.022  000.022: require('plenary.async.structs')
018.683  000.051  000.029: require('plenary.async.control')
018.686  000.078  000.026: require('plenary.async.util')
018.688  000.102  000.024: require('plenary.async.tests')
018.689  000.347  000.055: require('plenary.async')
018.719  005.126  000.511: require('telescope._extensions.file_browser.actions')
018.771  000.026  000.026: require('telescope._extensions')
018.773  000.054  000.028: require('telescope')
018.907  000.031  000.031: require('telescope._extensions.file_browser.git')
018.935  000.026  000.026: require('telescope._extensions.file_browser.make_entry_utils')
018.967  000.031  000.031: require('telescope._extensions.file_browser.fs_stat')
018.969  000.129  000.040: require('telescope._extensions.file_browser.make_entry')
019.066  000.021  000.021: require('plenary.class')
019.074  000.056  000.035: require('telescope._')
019.183  000.108  000.108: require('telescope.make_entry')
019.185  000.193  000.029: require('telescope.finders.async_oneshot_finder')
019.252  000.028  000.028: require('telescope.finders.async_static_finder')
019.282  000.029  000.029: require('telescope.finders.async_job_finder')
019.294  000.109  000.052: require('telescope.finders')
019.296  000.496  000.065: require('telescope._extensions.file_browser.finders')
019.919  000.082  000.082: require('telescope.builtin')
020.278  000.123  000.123: sourcing /home/botbien/.local/share/nvim/lazy/undotree/plugin/undotree.vim
021.247  000.097  000.097: require('rose-pine.config')
021.250  000.772  000.675: require('rose-pine')
021.857  000.035  000.035: require('rose-pine.utilities')
021.897  000.038  000.038: require('rose-pine.palette')
023.016  001.257  001.184: sourcing /home/botbien/.local/share/nvim/lazy/rose-pine/colors/rose-pine.lua
023.961  000.046  000.046: require('rose-pine.palette')
024.759  001.201  001.156: sourcing /home/botbien/.local/share/nvim/lazy/rose-pine/colors/rose-pine.lua
025.688  000.688  000.688: sourcing /home/botbien/.local/share/nvim/lazy/vim-fugitive/plugin/fugitive.vim
025.745  000.008  000.008: sourcing /home/botbien/.local/share/nvim/lazy/vim-fugitive/ftdetect/fugitive.vim
026.406  000.094  000.094: require('nvim-treesitter.utils')
027.685  000.285  000.285: require('vim.treesitter.language')
027.712  000.024  000.024: require('vim.func')
027.740  000.025  000.025: require('vim.func._memoize')
027.749  000.696  000.361: require('vim.treesitter.query')
027.779  000.028  000.028: require('vim.treesitter._range')
027.788  000.939  000.215: require('vim.treesitter.languagetree')
027.792  001.077  000.138: require('vim.treesitter')
028.180  001.772  000.695: require('nvim-treesitter.parsers')
028.324  000.027  000.027: require('nvim-treesitter.compat')
028.386  000.033  000.033: require('nvim-treesitter.ts_utils')
028.390  000.064  000.031: require('nvim-treesitter.tsrange')
028.415  000.024  000.024: require('nvim-treesitter.caching')
028.421  000.159  000.044: require('nvim-treesitter.query')
028.427  000.206  000.047: require('nvim-treesitter.configs')
028.429  000.247  000.041: require('nvim-treesitter.info')
028.469  000.039  000.039: require('nvim-treesitter.shell_command_selectors')
028.480  002.272  000.121: require('nvim-treesitter.install')
028.506  000.025  000.025: require('nvim-treesitter.statusline')
028.536  000.029  000.029: require('nvim-treesitter.query_predicates')
028.538  002.551  000.225: require('nvim-treesitter')
029.117  003.168  000.617: sourcing /home/botbien/.local/share/nvim/lazy/nvim-treesitter/plugin/nvim-treesitter.lua
029.964  000.035  000.035: require('nvim-treesitter.highlight')
030.032  000.051  000.051: require('nvim-treesitter.indent')
030.392  000.268  000.268: require('cmp.utils.api')
030.446  000.024  000.024: require('cmp.types.cmp')
030.502  000.028  000.028: require('cmp.utils.misc')
030.538  000.090  000.063: require('cmp.types.lsp')
030.565  000.026  000.026: require('cmp.types.vim')
030.567  000.172  000.032: require('cmp.types')
030.590  000.023  000.023: require('cmp.utils.highlight')
030.633  000.020  000.020: require('cmp.utils.debug')
030.637  000.045  000.026: require('cmp.utils.autocmd')
030.835  000.739  000.231: sourcing /home/botbien/.local/share/nvim/lazy/nvim-cmp/plugin/cmp.lua
031.019  000.062  000.062: require('cmp.utils.char')
031.024  000.091  000.029: require('cmp.utils.str')
031.105  000.021  000.021: require('cmp.utils.buffer')
031.111  000.058  000.037: require('cmp.utils.keymap')
031.112  000.087  000.029: require('cmp.utils.feedkeys')
031.194  000.027  000.027: require('cmp.config.mapping')
031.216  000.021  000.021: require('cmp.utils.cache')
031.271  000.027  000.027: require('cmp.config.compare')
031.272  000.054  000.027: require('cmp.config.default')
031.281  000.139  000.037: require('cmp.config')
031.291  000.178  000.040: require('cmp.utils.async')
031.338  000.020  000.020: require('cmp.utils.pattern')
031.341  000.048  000.028: require('cmp.context')
031.449  000.045  000.045: require('cmp.utils.snippet')
031.476  000.025  000.025: require('cmp.matcher')
031.479  000.109  000.038: require('cmp.entry')
031.483  000.142  000.033: require('cmp.source')
031.531  000.020  000.020: require('cmp.utils.event')
031.613  000.020  000.020: require('cmp.utils.options')
031.616  000.060  000.039: require('cmp.utils.window')
031.617  000.084  000.025: require('cmp.view.docs_view')
031.653  000.035  000.035: require('cmp.view.custom_entries_view')
031.685  000.031  000.031: require('cmp.view.wildmenu_entries_view')
031.713  000.028  000.028: require('cmp.view.native_entries_view')
031.748  000.033  000.033: require('cmp.view.ghost_text_view')
031.752  000.268  000.037: require('cmp.view')
032.087  001.194  000.379: require('cmp.core')
032.216  000.032  000.032: require('cmp.config.sources')
032.250  000.033  000.033: require('cmp.config.window')
032.290  001.439  000.181: require('cmp')
032.603  000.015  000.015: sourcing /home/botbien/.local/share/nvim/lazy/zen-mode.nvim/plugin/zen-mode.vim
033.200  000.040  000.040: require('harpoon.utils')
033.359  000.157  000.157: require('harpoon.dev')
033.553  000.729  000.531: require('harpoon')
033.871  000.070  000.070: require('harpoon.mark')
033.925  000.052  000.052: require('harpoon.ui')
036.404  000.829  000.829: require('vim.filetype')
036.971  000.032  000.032: require('luasnip.util.types')
036.974  000.084  000.053: require('luasnip.util.ext_opts')
037.088  000.026  000.026: require('luasnip.util.lazy_table')
037.119  000.030  000.030: require('luasnip.extras.filetype_functions')
037.128  000.119  000.062: require('luasnip.default_config')
037.130  000.154  000.036: require('luasnip.session')
037.131  000.601  000.362: require('luasnip.config')
037.320  000.100  000.100: require('luasnip.util.util')
037.436  000.044  000.044: require('luasnip.nodes.key_indexer')
037.478  000.040  000.040: require('luasnip.util.feedkeys')
037.483  000.162  000.077: require('luasnip.nodes.util')
037.588  000.050  000.050: require('luasnip.session.snippet_collection.source')
037.619  000.030  000.030: require('luasnip.util.table')
037.653  000.033  000.033: require('luasnip.util.auto_table')
037.660  000.176  000.063: require('luasnip.session.snippet_collection')
037.826  000.056  000.056: require('luasnip.util.select')
037.863  000.036  000.036: require('luasnip.util.time')
038.145  000.433  000.342: require('luasnip.util._builtin_vars')
038.216  000.555  000.122: require('luasnip.util.environ')
038.264  000.046  000.046: require('luasnip.util.extend_decorator')
038.405  000.083  000.083: require('luasnip.util.path')
038.537  000.071  000.071: require('luasnip.util.log')
038.542  000.135  000.064: require('luasnip.loaders.util')
038.587  000.044  000.044: require('luasnip.loaders.data')
038.894  000.306  000.306: require('luasnip.loaders.fs_watchers')
038.899  000.633  000.066: require('luasnip.loaders')
038.919  001.784  000.112: require('luasnip')
038.966  003.437  000.222: sourcing /home/botbien/.local/share/nvim/lazy/LuaSnip/plugin/luasnip.lua
039.018  000.018  000.018: sourcing /home/botbien/.local/share/nvim/lazy/LuaSnip/plugin/luasnip.vim
039.859  000.408  000.408: require('lspconfig.util')
039.878  000.482  000.073: sourcing /home/botbien/.local/share/nvim/lazy/nvim-lspconfig/plugin/lspconfig.lua
040.009  000.056  000.056: require('cmp_nvim_lsp.source')
040.012  000.114  000.058: require('cmp_nvim_lsp')
040.723  000.071  000.071: require('fidget.spinner.patterns')
040.726  000.122  000.051: require('fidget.spinner')
040.765  000.037  000.037: require('fidget.options')
040.773  000.215  000.056: require('fidget.progress.display')
040.885  000.060  000.060: require('fidget.logger')
041.125  000.117  000.117: require('vim.lsp.completion')
041.184  000.297  000.180: require('vim.lsp.handlers')
041.188  000.414  000.057: require('fidget.progress.lsp')
041.459  000.057  000.057: require('fidget.poll')
041.464  000.119  000.061: require('fidget.notification.model')
041.549  000.067  000.067: require('fidget.notification.window')
041.602  000.051  000.051: require('fidget.notification.view')
041.645  000.409  000.172: require('fidget.notification')
041.650  000.460  000.052: require('fidget.progress.handle')
041.691  001.181  000.091: require('fidget.progress')
041.795  000.103  000.103: require('fidget.commands')
041.887  000.039  000.039: require('fidget.integration.nvim-tree')
041.936  000.047  000.047: require('fidget.integration.xcodebuild-nvim')
041.939  000.141  000.056: require('fidget.integration')
041.961  001.753  000.328: require('fidget')
042.394  000.048  000.048: require('mason-core.path')
042.736  000.283  000.283: require('mason-core.functional')
042.933  000.100  000.100: require('mason-core.functional.data')
042.944  000.195  000.095: require('mason-core.functional.function')
043.036  000.079  000.079: require('mason-core.functional.relation')
043.124  000.075  000.075: require('mason-core.functional.logic')
043.143  000.746  000.115: require('mason-core.platform')
043.259  000.115  000.115: require('mason.settings')
043.261  000.958  000.049: require('mason')
043.600  000.197  000.197: require('mason-core.functional.list')
043.677  000.073  000.073: require('mason-core.functional.string')
043.701  000.425  000.156: require('mason.api.command')
043.780  000.077  000.077: require('mason-registry.sources')
043.922  000.053  000.053: require('mason-core.log')
043.949  000.025  000.025: require('mason-lspconfig.settings')
043.952  000.162  000.083: require('mason-lspconfig')
044.006  000.022  000.022: require('mason-lspconfig.notify')
044.009  000.052  000.030: require('mason-lspconfig.lspconfig_hook')
044.082  000.028  000.028: require('mason-core.functional.table')
044.115  000.105  000.077: require('mason-lspconfig.mappings.server')
044.177  000.026  000.026: require('mason-core.EventEmitter')
044.205  000.027  000.027: require('mason-core.optional')
044.267  000.033  000.033: require('mason-core.async')
044.297  000.028  000.028: require('mason-core.async.uv')
044.302  000.095  000.034: require('mason-core.fs')
044.314  000.197  000.049: require('mason-registry')
044.348  000.033  000.033: require('mason-lspconfig.server_config_extensions')
044.414  000.026  000.026: require('lspconfig.async')
044.416  000.067  000.041: require('lspconfig.configs')
044.449  000.032  000.032: require('lspconfig.configs.omnisharp')
044.565  000.032  000.032: require('mason-lspconfig.ensure_installed')
044.638  000.029  000.029: require('mason-core.result')
044.757  000.062  000.062: require('mason-core.process')
044.822  000.064  000.064: require('mason-core.spawn')
044.825  000.157  000.032: require('mason-core.managers.powershell')
044.852  000.026  000.026: require('mason.version')
044.854  000.215  000.032: require('mason-core.fetch')
044.884  000.029  000.029: require('mason-core.providers')
045.004  000.056  000.056: require('mason-core.purl')
045.016  000.106  000.050: require('mason-core.package')
045.119  000.033  000.033: require('mason-core.installer.registry.expr')
045.124  000.072  000.039: require('mason-core.installer.registry.link')
045.325  000.070  000.070: require('mason-core.receipt')
045.353  000.132  000.062: require('mason-core.installer.context')
045.389  000.035  000.035: require('mason-core.async.control')
045.420  000.030  000.030: require('mason-core.installer.linker')
045.423  000.237  000.040: require('mason-core.installer')
045.433  000.281  000.044: require('mason-core.installer.managers.std')
045.434  000.309  000.028: require('mason-core.installer.registry.schemas')
045.461  000.026  000.026: require('mason-core.installer.registry.util')
045.472  000.455  000.047: require('mason-core.installer.registry')
045.473  000.588  000.027: require('mason-registry.sources.util')
045.478  000.903  000.042: require('mason-registry.sources.github')
048.805  000.027  000.027: require('mason-core.functional.number')
048.819  000.101  000.074: require('mason-lspconfig.api.command')
048.955  000.040  000.040: require('lspconfig')
048.985  000.028  000.028: require('lspconfig.configs.lua_ls')
049.445  000.039  000.039: require('lspconfig.manager')
049.495  000.044  000.044: require('lspconfig.configs.pyright')
049.852  000.037  000.037: require('lspconfig.configs.ruff')
050.212  000.037  000.037: require('lspconfig.configs.rust_analyzer')
050.961  000.035  000.035: sourcing /usr/local/share/nvim/runtime/plugin/editorconfig.lua
051.105  000.118  000.118: sourcing /usr/local/share/nvim/runtime/plugin/gzip.vim
051.166  000.035  000.035: sourcing /usr/local/share/nvim/runtime/plugin/man.lua
051.704  000.139  000.139: sourcing /usr/local/share/nvim/runtime/pack/dist/opt/matchit/plugin/matchit.vim
051.721  000.525  000.385: sourcing /usr/local/share/nvim/runtime/plugin/matchit.vim
051.847  000.101  000.101: sourcing /usr/local/share/nvim/runtime/plugin/matchparen.vim
052.102  000.226  000.226: sourcing /usr/local/share/nvim/runtime/plugin/netrwPlugin.vim
052.168  000.032  000.032: sourcing /usr/local/share/nvim/runtime/plugin/osc52.lua
052.312  000.114  000.114: sourcing /usr/local/share/nvim/runtime/plugin/rplugin.vim
052.395  000.043  000.043: sourcing /usr/local/share/nvim/runtime/plugin/shada.vim
052.440  000.014  000.014: sourcing /usr/local/share/nvim/runtime/plugin/spellfile.vim
052.528  000.060  000.060: sourcing /usr/local/share/nvim/runtime/plugin/tarPlugin.vim
052.590  000.029  000.029: sourcing /usr/local/share/nvim/runtime/plugin/tohtml.lua
052.633  000.014  000.014: sourcing /usr/local/share/nvim/runtime/plugin/tutor.vim
052.770  000.111  000.111: sourcing /usr/local/share/nvim/runtime/plugin/zipPlugin.vim
052.960  000.035  000.035: require('cmp_luasnip')
053.027  000.128  000.093: sourcing /home/botbien/.local/share/nvim/lazy/cmp_luasnip/after/plugin/cmp_luasnip.lua
053.185  000.070  000.070: require('cmp_cmdline')
053.238  000.147  000.077: sourcing /home/botbien/.local/share/nvim/lazy/cmp-cmdline/after/plugin/cmp_cmdline.lua
053.383  000.046  000.046: require('cmp_path')
053.411  000.102  000.057: sourcing /home/botbien/.local/share/nvim/lazy/cmp-path/after/plugin/cmp_path.lua
053.583  000.022  000.022: require('cmp_buffer.timer')
053.587  000.053  000.031: require('cmp_buffer.buffer')
053.588  000.082  000.029: require('cmp_buffer.source')
053.589  000.106  000.024: require('cmp_buffer')
053.615  000.155  000.049: sourcing /home/botbien/.local/share/nvim/lazy/cmp-buffer/after/plugin/cmp_buffer.lua
053.688  000.028  000.028: sourcing /home/botbien/.local/share/nvim/lazy/cmp-nvim-lsp/after/plugin/cmp_nvim_lsp.lua
053.724  050.107  015.800: require('configs.lazy')
053.918  000.193  000.193: require('set.set')
053.921  051.321  000.022: sourcing /home/botbien/.config/nvim/init.lua
053.926  000.487: sourcing vimrc file(s)
054.324  000.027  000.027: sourcing /usr/local/share/nvim/runtime/filetype.lua
054.554  000.048  000.048: sourcing /usr/local/share/nvim/runtime/syntax/synload.vim
054.610  000.213  000.165: sourcing /usr/local/share/nvim/runtime/syntax/syntax.vim
054.618  000.452: inits 3
056.279  001.661: reading ShaDa
056.473  000.035  000.035: require('luasnip.util.directed_graph')
056.499  000.024  000.024: require('luasnip.session.enqueueable_operations')
056.503  000.115  000.056: require('luasnip.loaders.from_lua')
057.249  000.023  000.023: require('luasnip.util.events')
057.256  000.070  000.047: require('luasnip.nodes.node')
057.392  000.135  000.135: require('luasnip.nodes.insertNode')
057.432  000.038  000.038: require('luasnip.nodes.textNode')
057.463  000.030  000.030: require('luasnip.util.mark')
057.495  000.030  000.030: require('luasnip.util.pattern_tokenizer')
057.524  000.028  000.028: require('luasnip.util.dict')
057.908  000.355  000.355: require('luasnip.util.jsregexp')
057.911  000.386  000.031: require('luasnip.nodes.util.trig_engines')
057.933  001.335  000.618: require('luasnip.nodes.snippet')
057.935  001.360  000.025: require('luasnip.nodes.duplicate')
057.936  001.394  000.033: require('luasnip.loaders.snippet_cache')
057.942  001.437  000.043: require('luasnip.loaders.from_snipmate')
058.205  000.037  000.037: require('luasnip.util.parser.neovim_ast')
058.262  000.040  000.040: require('luasnip.util.str')
058.515  000.249  000.249: require('luasnip.util.jsregexp')
058.522  000.395  000.069: require('luasnip.util.parser.ast_utils')
058.574  000.051  000.051: require('luasnip.nodes.functionNode')
058.640  000.064  000.064: require('luasnip.nodes.choiceNode')
058.712  000.071  000.071: require('luasnip.nodes.dynamicNode')
058.744  000.031  000.031: require('luasnip.util.functions')
058.749  000.699  000.087: require('luasnip.util.parser.ast_parser')
058.822  000.072  000.072: require('luasnip.util.parser.neovim_parser')
058.827  000.815  000.044: require('luasnip.util.parser')
058.860  000.032  000.032: require('luasnip.nodes.snippetProxy')
058.959  000.096  000.096: require('luasnip.util.jsonc')
058.966  001.023  000.080: require('luasnip.loaders.from_vscode')
058.983  000.130: opening buffers
058.999  000.016: BufEnter autocommands
059.001  000.002: editing files in windows
059.075  000.075: VimEnter autocommands
059.250  000.174: UIEnter autocommands
059.251  000.002: before starting main loop
059.423  000.171: first screen update
059.424  000.001: --- NVIM STARTED ---

